\BOOKMARK [1][-]{section.1}{Introduction}{}
\BOOKMARK [1][-]{section.2}{History}{}
\BOOKMARK [1][-]{section.3}{lgca}{}
\BOOKMARK [2][-]{subsection.3.1}{HPP}{section.3}
\BOOKMARK [3][-]{subsubsection.3.1.1}{Assumptions}{subsection.3.1}
\BOOKMARK [3][-]{subsubsection.3.1.2}{Collision rules}{subsection.3.1}
\BOOKMARK [3][-]{subsubsection.3.1.3}{Propagation rules}{subsection.3.1}
\BOOKMARK [3][-]{subsubsection.3.1.4}{Mass and Momentum Densities}{subsection.3.1}
\BOOKMARK [3][-]{subsubsection.3.1.5}{Time complexity analysis}{subsection.3.1}
\BOOKMARK [3][-]{subsubsection.3.1.6}{Applications}{subsection.3.1}
\BOOKMARK [3][-]{subsubsection.3.1.7}{defects}{subsection.3.1}
\BOOKMARK [2][-]{subsection.3.2}{FHP}{section.3}
\BOOKMARK [3][-]{subsubsection.3.2.1}{Assumptions}{subsection.3.2}
\BOOKMARK [3][-]{subsubsection.3.2.2}{Collision rules}{subsection.3.2}
\BOOKMARK [3][-]{subsubsection.3.2.3}{Propagation rules}{subsection.3.2}
\BOOKMARK [3][-]{subsubsection.3.2.4}{Mass and Momentum Densities}{subsection.3.2}
\BOOKMARK [3][-]{subsubsection.3.2.5}{Time complexity analysis}{subsection.3.2}
\BOOKMARK [3][-]{subsubsection.3.2.6}{Applications}{subsection.3.2}
\BOOKMARK [3][-]{subsubsection.3.2.7}{defects}{subsection.3.2}
\BOOKMARK [2][-]{subsection.3.3}{FCHC}{section.3}
\BOOKMARK [3][-]{subsubsection.3.3.1}{Assumptions}{subsection.3.3}
\BOOKMARK [3][-]{subsubsection.3.3.2}{Collision rules}{subsection.3.3}
\BOOKMARK [3][-]{subsubsection.3.3.3}{Propagation rules}{subsection.3.3}
\BOOKMARK [3][-]{subsubsection.3.3.4}{Mass and Momentum Densities}{subsection.3.3}
\BOOKMARK [3][-]{subsubsection.3.3.5}{Time complexity analysis}{subsection.3.3}
\BOOKMARK [3][-]{subsubsection.3.3.6}{Applications}{subsection.3.3}
\BOOKMARK [3][-]{subsubsection.3.3.7}{defects}{subsection.3.3}
